Arguments: 
  /Users/oliverpayne/.nvm/versions/node/v16.5.0/bin/node /usr/local/bin/yarn init

PATH: 
  /Users/oliverpayne/.nvm/versions/node/v16.5.0/bin:/usr/local/bin:/usr/bin:/bin:/usr/sbin:/sbin:/usr/local/share/dotnet:~/.dotnet/tools

Yarn version: 
  1.22.10

Node version: 
  16.5.0

Platform: 
  darwin x64

Trace: 
  Error: canceled
      at Interface.<anonymous> (/usr/local/lib/node_modules/yarn/lib/cli.js:136216:13)
      at Interface.emit (node:events:394:28)
      at Interface._ttyWrite (node:readline:1081:16)
      at ReadStream.onkeypress (node:readline:288:10)
      at ReadStream.emit (node:events:394:28)
      at emitKeys (node:internal/readline/utils:358:14)
      at emitKeys.next (<anonymous>)
      at ReadStream.onData (node:internal/readline/emitKeypressEvents:61:36)
      at ReadStream.emit (node:events:394:28)
      at addChunk (node:internal/streams/readable:312:12)

npm manifest: 
  {
    "name": "gatsby-practice-01",
    "version": "1.0.0",
    "private": true,
    "description": "gatsby-practice-01",
    "author": "olliepayne",
    "keywords": [
      "gatsby"
    ],
    "scripts": {
      "develop": "gatsby develop",
      "start": "gatsby develop",
      "build": "gatsby build",
      "serve": "gatsby serve",
      "clean": "gatsby clean"
    },
    "dependencies": {
      "gatsby": "^3.10.1",
      "gatsby-plugin-image": "^1.10.1",
      "gatsby-plugin-sharp": "^3.10.2",
      "gatsby-plugin-theme-ui": "^0.10.1",
      "gatsby-source-filesystem": "^3.10.0",
      "gatsby-transformer-sharp": "^3.10.0",
      "react": "^17.0.1",
      "react-dom": "^17.0.1",
      "theme-ui": "^0.10.0"
    },
    "main": "index.js",
    "license": "MIT"
  }

yarn manifest: 
  No manifest

Lockfile: 
  No lockfile
